2019-06-21 16:30:02 [scrapy.utils.log] INFO: Scrapy 1.6.0 started (bot: scrappy_app)
2019-06-21 16:30:02 [scrapy.utils.log] INFO: Versions: lxml 4.2.5.0, libxml2 2.9.5, cssselect 1.0.3, parsel 1.5.1, w3lib 1.20.0, Twisted 18.9.0, Python 3.7.3 (v3.7.3:ef4ec6ed12, Mar 25 2019, 21:26:53) [MSC v.1916 32 bit (Intel)], pyOpenSSL 19.0.0 (OpenSSL 1.1.1b  26 Feb 2019), cryptography 2.6.1, Platform Windows-10-10.0.17134-SP0
2019-06-21 16:30:02 [scrapy.crawler] INFO: Overridden settings: {'BOT_NAME': 'scrappy_app', 'LOG_FILE': 'logs\\default\\daum_blog\\5a404b3693f611e9886f606dc7a02a2e.log', 'NEWSPIDER_MODULE': 'scrappy_app.spiders', 'SPIDER_MODULES': ['scrappy_app.spiders'], 'USER_AGENT': 'Mozilla/5.0 (Windows NT 10.0; Win64; x64; rv:67.0) Gecko/20100101 Firefox/67.0'}
2019-06-21 16:30:02 [scrapy.extensions.telnet] INFO: Telnet Password: 17b9dc526d82cbcb
2019-06-21 16:30:02 [scrapy.middleware] INFO: Enabled extensions:
['scrapy.extensions.corestats.CoreStats',
 'scrapy.extensions.telnet.TelnetConsole',
 'scrapy.extensions.logstats.LogStats']
2019-06-21 16:30:02 [djongo.sql2mongo.query] DEBUG: params: ('4de4058f-3a4e-4479-aa14-82c2b46a46ea',)
2019-06-21 16:30:02 [djongo.sql2mongo.query] DEBUG: 
 sql_command: SELECT "iCrawler_mycollection"."id", "iCrawler_mycollection"."unique_id", "iCrawler_mycollection"."jobids", "iCrawler_mycollection"."search_keyword", "iCrawler_mycollection"."channel_broadcast", "iCrawler_mycollection"."channel_published", "iCrawler_mycollection"."channel_blog", "iCrawler_mycollection"."channel_sns", "iCrawler_mycollection"."start_date", "iCrawler_mycollection"."end_date", "iCrawler_mycollection"."user_ip", "iCrawler_mycollection"."user_agent", "iCrawler_mycollection"."status", "iCrawler_mycollection"."created_date" FROM "iCrawler_mycollection" WHERE "iCrawler_mycollection"."unique_id" = %(0)s
2019-06-21 16:30:02 [djongo.sql2mongo.query] DEBUG: Find query: {'filter': {'unique_id': {'$eq': '4de4058f-3a4e-4479-aa14-82c2b46a46ea'}}, 'projection': ['id', 'unique_id', 'jobids', 'search_keyword', 'channel_broadcast', 'channel_published', 'channel_blog', 'channel_sns', 'start_date', 'end_date', 'user_ip', 'user_agent', 'status', 'created_date']}
2019-06-21 16:30:02 [djongo.sql2mongo.query] DEBUG: params: ('4de4058f-3a4e-4479-aa14-82c2b46a46ea', '5a10346493f611e9a9d2606dc7a02a2e 5a31d79493f611e992fb606dc7a02a2e 5a404b3693f611e9886f606dc7a02a2e', 'Agriculture,양파,옥총,onion,오니언', '뉴시스,SBS 뉴스,MBN,한국경제TV,MBC 뉴스,others', '연합뉴스,아시아경제,매일경제,머니투데이,레이디경향,others', 'daum,naver', 'twitter', datetime.datetime(2019, 6, 20, 15, 0), datetime.datetime(2019, 6, 20, 15, 0), '127.0.0.1', 'Mozilla/5.0 (Windows NT 10.0; Win64; x64; rv:67.0) Gecko/20100101 Firefox/67.0', 'finished', datetime.datetime(2019, 6, 21, 7, 29, 44, 891000), 361)
2019-06-21 16:30:02 [djongo.sql2mongo.query] DEBUG: 
 sql_command: UPDATE "iCrawler_mycollection" SET "unique_id" = %(0)s, "jobids" = %(1)s, "search_keyword" = %(2)s, "channel_broadcast" = %(3)s, "channel_published" = %(4)s, "channel_blog" = %(5)s, "channel_sns" = %(6)s, "start_date" = %(7)s, "end_date" = %(8)s, "user_ip" = %(9)s, "user_agent" = %(10)s, "status" = %(11)s, "created_date" = %(12)s WHERE "iCrawler_mycollection"."id" = %(13)s
2019-06-21 16:30:02 [djongo.sql2mongo.query] DEBUG: update_many: 1, matched: 1
2019-06-21 16:30:02 [scrapy.middleware] INFO: Enabled downloader middlewares:
['scrapy.downloadermiddlewares.httpauth.HttpAuthMiddleware',
 'scrapy.downloadermiddlewares.downloadtimeout.DownloadTimeoutMiddleware',
 'scrapy.downloadermiddlewares.defaultheaders.DefaultHeadersMiddleware',
 'scrapy.downloadermiddlewares.useragent.UserAgentMiddleware',
 'scrapy.downloadermiddlewares.retry.RetryMiddleware',
 'scrapy.downloadermiddlewares.redirect.MetaRefreshMiddleware',
 'scrapy.downloadermiddlewares.httpcompression.HttpCompressionMiddleware',
 'scrapy.downloadermiddlewares.redirect.RedirectMiddleware',
 'scrapy.downloadermiddlewares.cookies.CookiesMiddleware',
 'scrapy.downloadermiddlewares.httpproxy.HttpProxyMiddleware',
 'scrapy.downloadermiddlewares.stats.DownloaderStats']
2019-06-21 16:30:02 [scrapy.middleware] INFO: Enabled spider middlewares:
['scrapy.spidermiddlewares.httperror.HttpErrorMiddleware',
 'scrapy.spidermiddlewares.offsite.OffsiteMiddleware',
 'scrapy.spidermiddlewares.referer.RefererMiddleware',
 'scrapy.spidermiddlewares.urllength.UrlLengthMiddleware',
 'scrapy.spidermiddlewares.depth.DepthMiddleware']
2019-06-21 16:30:02 [scrapy.middleware] INFO: Enabled item pipelines:
['scrappy_app.pipelines.DaumBlogPipeline']
2019-06-21 16:30:02 [scrapy.core.engine] INFO: Spider opened
2019-06-21 16:30:02 [scrapy.extensions.logstats] INFO: Crawled 0 pages (at 0 pages/min), scraped 0 items (at 0 items/min)
2019-06-21 16:30:02 [scrapy.extensions.telnet] INFO: Telnet console listening on 127.0.0.1:6023
2019-06-21 16:30:02 [scrapy.core.engine] DEBUG: Crawled (200) <GET http://search.daum.net/search?q=%EC%98%A5%EC%B4%9D&w=blog&f=section&SA=daumsec&DA=PGD&lpp=10&nil_search=btn&sd=20190621000000&ed=20190621235959&period=u&enc=utf8&page=1> (referer: None)
2019-06-21 16:30:02 [scrapy.core.engine] DEBUG: Crawled (200) <GET http://search.daum.net/search?q=%EC%98%A4%EB%8B%88%EC%96%B8&w=blog&f=section&SA=daumsec&DA=PGD&lpp=10&nil_search=btn&sd=20190621000000&ed=20190621235959&period=u&enc=utf8&page=1> (referer: None)
2019-06-21 16:30:02 [scrapy.core.engine] DEBUG: Crawled (200) <GET http://search.daum.net/search?q=Agriculture&w=blog&f=section&SA=daumsec&DA=PGD&lpp=10&nil_search=btn&sd=20190621000000&ed=20190621235959&period=u&enc=utf8&page=1> (referer: None)
2019-06-21 16:30:02 [scrapy.core.engine] DEBUG: Crawled (200) <GET http://search.daum.net/search?q=%EC%96%91%ED%8C%8C&w=blog&f=section&SA=daumsec&DA=PGD&lpp=10&nil_search=btn&sd=20190621000000&ed=20190621235959&period=u&enc=utf8&page=1> (referer: None)
2019-06-21 16:30:02 [scrapy.core.engine] DEBUG: Crawled (200) <GET http://search.daum.net/search?q=onion&w=blog&f=section&SA=daumsec&DA=PGD&lpp=10&nil_search=btn&sd=20190621000000&ed=20190621235959&period=u&enc=utf8&page=1> (referer: None)
2019-06-21 16:30:03 [scrapy.core.engine] DEBUG: Crawled (200) <GET http://m.blog.daum.net/fpdldhrtus441/14748> (referer: http://search.daum.net/search?q=%EC%98%A5%EC%B4%9D&w=blog&f=section&SA=daumsec&DA=PGD&lpp=10&nil_search=btn&sd=20190621000000&ed=20190621235959&period=u&enc=utf8&page=1)
2019-06-21 16:30:03 [scrapy.core.engine] DEBUG: Crawled (200) <GET http://m.blog.daum.net/leeanne00/15851844> (referer: http://search.daum.net/search?q=%EC%96%91%ED%8C%8C&w=blog&f=section&SA=daumsec&DA=PGD&lpp=10&nil_search=btn&sd=20190621000000&ed=20190621235959&period=u&enc=utf8&page=1)
2019-06-21 16:30:03 [scrapy.core.engine] DEBUG: Crawled (200) <GET http://search.daum.net/search?q=%EC%96%91%ED%8C%8C&w=blog&f=section&SA=daumsec&DA=PGD&lpp=10&nil_search=btn&sd=20190621000000&ed=20190621235959&period=u&enc=utf8&page=2> (referer: http://search.daum.net/search?q=%EC%96%91%ED%8C%8C&w=blog&f=section&SA=daumsec&DA=PGD&lpp=10&nil_search=btn&sd=20190621000000&ed=20190621235959&period=u&enc=utf8&page=1)
2019-06-21 16:30:03 [scrapy.core.engine] DEBUG: Crawled (200) <GET http://m.blog.daum.net/duk1827/15747125> (referer: http://search.daum.net/search?q=Agriculture&w=blog&f=section&SA=daumsec&DA=PGD&lpp=10&nil_search=btn&sd=20190621000000&ed=20190621235959&period=u&enc=utf8&page=1)
2019-06-21 16:30:03 [scrapy.core.engine] DEBUG: Crawled (200) <GET http://m.blog.daum.net/wkj3507/16114383> (referer: http://search.daum.net/search?q=%EC%96%91%ED%8C%8C&w=blog&f=section&SA=daumsec&DA=PGD&lpp=10&nil_search=btn&sd=20190621000000&ed=20190621235959&period=u&enc=utf8&page=1)
2019-06-21 16:30:03 [scrapy.core.scraper] ERROR: Spider error processing <GET http://m.blog.daum.net/fpdldhrtus441/14748> (referer: http://search.daum.net/search?q=%EC%98%A5%EC%B4%9D&w=blog&f=section&SA=daumsec&DA=PGD&lpp=10&nil_search=btn&sd=20190621000000&ed=20190621235959&period=u&enc=utf8&page=1)
Traceback (most recent call last):
  File "c:\users\teo\appdata\local\programs\python\python37-32\lib\site-packages\twisted\internet\defer.py", line 654, in _runCallbacks
    current.result = callback(current.result, *args, **kw)
  File "C:\Users\Teo\Desktop\Coding\django\adminingDJ\scrappy_app\scrappy_app\spiders\daumBlog.py", line 110, in parse
    content = content.strip()
AttributeError: 'list' object has no attribute 'strip'
2019-06-21 16:30:03 [scrapy.core.scraper] ERROR: Spider error processing <GET http://m.blog.daum.net/leeanne00/15851844> (referer: http://search.daum.net/search?q=%EC%96%91%ED%8C%8C&w=blog&f=section&SA=daumsec&DA=PGD&lpp=10&nil_search=btn&sd=20190621000000&ed=20190621235959&period=u&enc=utf8&page=1)
Traceback (most recent call last):
  File "c:\users\teo\appdata\local\programs\python\python37-32\lib\site-packages\twisted\internet\defer.py", line 654, in _runCallbacks
    current.result = callback(current.result, *args, **kw)
  File "C:\Users\Teo\Desktop\Coding\django\adminingDJ\scrappy_app\scrappy_app\spiders\daumBlog.py", line 110, in parse
    content = content.strip()
AttributeError: 'list' object has no attribute 'strip'
2019-06-21 16:30:03 [scrapy.core.engine] DEBUG: Crawled (200) <GET http://m.blog.daum.net/inalove/15850571> (referer: http://search.daum.net/search?q=%EC%96%91%ED%8C%8C&w=blog&f=section&SA=daumsec&DA=PGD&lpp=10&nil_search=btn&sd=20190621000000&ed=20190621235959&period=u&enc=utf8&page=1)
2019-06-21 16:30:03 [scrapy.core.scraper] ERROR: Spider error processing <GET http://m.blog.daum.net/duk1827/15747125> (referer: http://search.daum.net/search?q=Agriculture&w=blog&f=section&SA=daumsec&DA=PGD&lpp=10&nil_search=btn&sd=20190621000000&ed=20190621235959&period=u&enc=utf8&page=1)
Traceback (most recent call last):
  File "c:\users\teo\appdata\local\programs\python\python37-32\lib\site-packages\twisted\internet\defer.py", line 654, in _runCallbacks
    current.result = callback(current.result, *args, **kw)
  File "C:\Users\Teo\Desktop\Coding\django\adminingDJ\scrappy_app\scrappy_app\spiders\daumBlog.py", line 110, in parse
    content = content.strip()
AttributeError: 'list' object has no attribute 'strip'
2019-06-21 16:30:03 [scrapy.core.engine] DEBUG: Crawled (200) <GET http://m.blog.daum.net/leftpeter/16506510> (referer: http://search.daum.net/search?q=%EC%96%91%ED%8C%8C&w=blog&f=section&SA=daumsec&DA=PGD&lpp=10&nil_search=btn&sd=20190621000000&ed=20190621235959&period=u&enc=utf8&page=1)
2019-06-21 16:30:03 [scrapy.core.engine] DEBUG: Crawled (200) <GET http://m.blog.daum.net/byeongju8242/670> (referer: http://search.daum.net/search?q=%EC%96%91%ED%8C%8C&w=blog&f=section&SA=daumsec&DA=PGD&lpp=10&nil_search=btn&sd=20190621000000&ed=20190621235959&period=u&enc=utf8&page=1)
2019-06-21 16:30:03 [scrapy.core.engine] DEBUG: Crawled (200) <GET http://m.blog.daum.net/leehungkyu/2388> (referer: http://search.daum.net/search?q=%EC%96%91%ED%8C%8C&w=blog&f=section&SA=daumsec&DA=PGD&lpp=10&nil_search=btn&sd=20190621000000&ed=20190621235959&period=u&enc=utf8&page=1)
2019-06-21 16:30:03 [scrapy.core.engine] DEBUG: Crawled (200) <GET http://m.blog.daum.net/kseun5504/1001> (referer: http://search.daum.net/search?q=%EC%98%A5%EC%B4%9D&w=blog&f=section&SA=daumsec&DA=PGD&lpp=10&nil_search=btn&sd=20190621000000&ed=20190621235959&period=u&enc=utf8&page=1)
2019-06-21 16:30:03 [scrapy.core.scraper] ERROR: Spider error processing <GET http://m.blog.daum.net/wkj3507/16114383> (referer: http://search.daum.net/search?q=%EC%96%91%ED%8C%8C&w=blog&f=section&SA=daumsec&DA=PGD&lpp=10&nil_search=btn&sd=20190621000000&ed=20190621235959&period=u&enc=utf8&page=1)
Traceback (most recent call last):
  File "c:\users\teo\appdata\local\programs\python\python37-32\lib\site-packages\twisted\internet\defer.py", line 654, in _runCallbacks
    current.result = callback(current.result, *args, **kw)
  File "C:\Users\Teo\Desktop\Coding\django\adminingDJ\scrappy_app\scrappy_app\spiders\daumBlog.py", line 110, in parse
    content = content.strip()
AttributeError: 'list' object has no attribute 'strip'
2019-06-21 16:30:03 [scrapy.core.engine] DEBUG: Crawled (200) <GET http://m.blog.daum.net/dnfltlemsl/12> (referer: http://search.daum.net/search?q=%EC%96%91%ED%8C%8C&w=blog&f=section&SA=daumsec&DA=PGD&lpp=10&nil_search=btn&sd=20190621000000&ed=20190621235959&period=u&enc=utf8&page=1)
2019-06-21 16:30:03 [scrapy.core.engine] DEBUG: Crawled (200) <GET http://m.blog.daum.net/ssyi6611/916> (referer: http://search.daum.net/search?q=%EC%96%91%ED%8C%8C&w=blog&f=section&SA=daumsec&DA=PGD&lpp=10&nil_search=btn&sd=20190621000000&ed=20190621235959&period=u&enc=utf8&page=1)
2019-06-21 16:30:03 [scrapy.core.scraper] ERROR: Spider error processing <GET http://m.blog.daum.net/inalove/15850571> (referer: http://search.daum.net/search?q=%EC%96%91%ED%8C%8C&w=blog&f=section&SA=daumsec&DA=PGD&lpp=10&nil_search=btn&sd=20190621000000&ed=20190621235959&period=u&enc=utf8&page=1)
Traceback (most recent call last):
  File "c:\users\teo\appdata\local\programs\python\python37-32\lib\site-packages\twisted\internet\defer.py", line 654, in _runCallbacks
    current.result = callback(current.result, *args, **kw)
  File "C:\Users\Teo\Desktop\Coding\django\adminingDJ\scrappy_app\scrappy_app\spiders\daumBlog.py", line 110, in parse
    content = content.strip()
AttributeError: 'list' object has no attribute 'strip'
2019-06-21 16:30:03 [scrapy.core.scraper] ERROR: Spider error processing <GET http://m.blog.daum.net/leftpeter/16506510> (referer: http://search.daum.net/search?q=%EC%96%91%ED%8C%8C&w=blog&f=section&SA=daumsec&DA=PGD&lpp=10&nil_search=btn&sd=20190621000000&ed=20190621235959&period=u&enc=utf8&page=1)
Traceback (most recent call last):
  File "c:\users\teo\appdata\local\programs\python\python37-32\lib\site-packages\twisted\internet\defer.py", line 654, in _runCallbacks
    current.result = callback(current.result, *args, **kw)
  File "C:\Users\Teo\Desktop\Coding\django\adminingDJ\scrappy_app\scrappy_app\spiders\daumBlog.py", line 110, in parse
    content = content.strip()
AttributeError: 'list' object has no attribute 'strip'
2019-06-21 16:30:03 [scrapy.core.scraper] ERROR: Spider error processing <GET http://m.blog.daum.net/byeongju8242/670> (referer: http://search.daum.net/search?q=%EC%96%91%ED%8C%8C&w=blog&f=section&SA=daumsec&DA=PGD&lpp=10&nil_search=btn&sd=20190621000000&ed=20190621235959&period=u&enc=utf8&page=1)
Traceback (most recent call last):
  File "c:\users\teo\appdata\local\programs\python\python37-32\lib\site-packages\twisted\internet\defer.py", line 654, in _runCallbacks
    current.result = callback(current.result, *args, **kw)
  File "C:\Users\Teo\Desktop\Coding\django\adminingDJ\scrappy_app\scrappy_app\spiders\daumBlog.py", line 110, in parse
    content = content.strip()
AttributeError: 'list' object has no attribute 'strip'
2019-06-21 16:30:03 [scrapy.core.scraper] ERROR: Spider error processing <GET http://m.blog.daum.net/leehungkyu/2388> (referer: http://search.daum.net/search?q=%EC%96%91%ED%8C%8C&w=blog&f=section&SA=daumsec&DA=PGD&lpp=10&nil_search=btn&sd=20190621000000&ed=20190621235959&period=u&enc=utf8&page=1)
Traceback (most recent call last):
  File "c:\users\teo\appdata\local\programs\python\python37-32\lib\site-packages\twisted\internet\defer.py", line 654, in _runCallbacks
    current.result = callback(current.result, *args, **kw)
  File "C:\Users\Teo\Desktop\Coding\django\adminingDJ\scrappy_app\scrappy_app\spiders\daumBlog.py", line 110, in parse
    content = content.strip()
AttributeError: 'list' object has no attribute 'strip'
2019-06-21 16:30:03 [scrapy.core.engine] DEBUG: Crawled (200) <GET http://m.blog.daum.net/hisomsatang123/6804> (referer: http://search.daum.net/search?q=%EC%96%91%ED%8C%8C&w=blog&f=section&SA=daumsec&DA=PGD&lpp=10&nil_search=btn&sd=20190621000000&ed=20190621235959&period=u&enc=utf8&page=2)
2019-06-21 16:30:03 [scrapy.core.scraper] ERROR: Spider error processing <GET http://m.blog.daum.net/kseun5504/1001> (referer: http://search.daum.net/search?q=%EC%98%A5%EC%B4%9D&w=blog&f=section&SA=daumsec&DA=PGD&lpp=10&nil_search=btn&sd=20190621000000&ed=20190621235959&period=u&enc=utf8&page=1)
Traceback (most recent call last):
  File "c:\users\teo\appdata\local\programs\python\python37-32\lib\site-packages\twisted\internet\defer.py", line 654, in _runCallbacks
    current.result = callback(current.result, *args, **kw)
  File "C:\Users\Teo\Desktop\Coding\django\adminingDJ\scrappy_app\scrappy_app\spiders\daumBlog.py", line 110, in parse
    content = content.strip()
AttributeError: 'list' object has no attribute 'strip'
2019-06-21 16:30:03 [scrapy.core.engine] DEBUG: Crawled (200) <GET http://m.blog.daum.net/easool/489> (referer: http://search.daum.net/search?q=%EC%96%91%ED%8C%8C&w=blog&f=section&SA=daumsec&DA=PGD&lpp=10&nil_search=btn&sd=20190621000000&ed=20190621235959&period=u&enc=utf8&page=2)
2019-06-21 16:30:03 [scrapy.core.engine] DEBUG: Crawled (200) <GET http://search.daum.net/search?q=%EC%96%91%ED%8C%8C&w=blog&f=section&SA=daumsec&DA=PGD&lpp=10&nil_search=btn&sd=20190621000000&ed=20190621235959&period=u&enc=utf8&page=3> (referer: http://search.daum.net/search?q=%EC%96%91%ED%8C%8C&w=blog&f=section&SA=daumsec&DA=PGD&lpp=10&nil_search=btn&sd=20190621000000&ed=20190621235959&period=u&enc=utf8&page=2)
2019-06-21 16:30:03 [scrapy.core.engine] DEBUG: Crawled (200) <GET http://m.blog.daum.net/reyauction8181/8692> (referer: http://search.daum.net/search?q=%EC%98%A5%EC%B4%9D&w=blog&f=section&SA=daumsec&DA=PGD&lpp=10&nil_search=btn&sd=20190621000000&ed=20190621235959&period=u&enc=utf8&page=1)
2019-06-21 16:30:03 [scrapy.core.engine] DEBUG: Crawled (200) <GET http://m.blog.daum.net/teafood/1171> (referer: http://search.daum.net/search?q=%EC%96%91%ED%8C%8C&w=blog&f=section&SA=daumsec&DA=PGD&lpp=10&nil_search=btn&sd=20190621000000&ed=20190621235959&period=u&enc=utf8&page=2)
2019-06-21 16:30:03 [scrapy.core.engine] DEBUG: Crawled (200) <GET http://m.blog.daum.net/wjdwjdtnr6433/3206> (referer: http://search.daum.net/search?q=%EC%96%91%ED%8C%8C&w=blog&f=section&SA=daumsec&DA=PGD&lpp=10&nil_search=btn&sd=20190621000000&ed=20190621235959&period=u&enc=utf8&page=2)
2019-06-21 16:30:03 [scrapy.core.engine] DEBUG: Crawled (200) <GET http://m.blog.daum.net/mylovemay/15535570> (referer: http://search.daum.net/search?q=%EC%96%91%ED%8C%8C&w=blog&f=section&SA=daumsec&DA=PGD&lpp=10&nil_search=btn&sd=20190621000000&ed=20190621235959&period=u&enc=utf8&page=1)
2019-06-21 16:30:03 [scrapy.core.engine] DEBUG: Crawled (200) <GET http://m.blog.daum.net/csmsjy/7092214> (referer: http://search.daum.net/search?q=%EC%96%91%ED%8C%8C&w=blog&f=section&SA=daumsec&DA=PGD&lpp=10&nil_search=btn&sd=20190621000000&ed=20190621235959&period=u&enc=utf8&page=1)
2019-06-21 16:30:03 [scrapy.core.engine] DEBUG: Crawled (200) <GET http://m.blog.daum.net/whitesuna1/106> (referer: http://search.daum.net/search?q=%EC%96%91%ED%8C%8C&w=blog&f=section&SA=daumsec&DA=PGD&lpp=10&nil_search=btn&sd=20190621000000&ed=20190621235959&period=u&enc=utf8&page=2)
2019-06-21 16:30:03 [scrapy.core.scraper] ERROR: Spider error processing <GET http://m.blog.daum.net/dnfltlemsl/12> (referer: http://search.daum.net/search?q=%EC%96%91%ED%8C%8C&w=blog&f=section&SA=daumsec&DA=PGD&lpp=10&nil_search=btn&sd=20190621000000&ed=20190621235959&period=u&enc=utf8&page=1)
Traceback (most recent call last):
  File "c:\users\teo\appdata\local\programs\python\python37-32\lib\site-packages\twisted\internet\defer.py", line 654, in _runCallbacks
    current.result = callback(current.result, *args, **kw)
  File "C:\Users\Teo\Desktop\Coding\django\adminingDJ\scrappy_app\scrappy_app\spiders\daumBlog.py", line 110, in parse
    content = content.strip()
AttributeError: 'list' object has no attribute 'strip'
2019-06-21 16:30:03 [scrapy.core.scraper] ERROR: Spider error processing <GET http://m.blog.daum.net/ssyi6611/916> (referer: http://search.daum.net/search?q=%EC%96%91%ED%8C%8C&w=blog&f=section&SA=daumsec&DA=PGD&lpp=10&nil_search=btn&sd=20190621000000&ed=20190621235959&period=u&enc=utf8&page=1)
Traceback (most recent call last):
  File "c:\users\teo\appdata\local\programs\python\python37-32\lib\site-packages\twisted\internet\defer.py", line 654, in _runCallbacks
    current.result = callback(current.result, *args, **kw)
  File "C:\Users\Teo\Desktop\Coding\django\adminingDJ\scrappy_app\scrappy_app\spiders\daumBlog.py", line 110, in parse
    content = content.strip()
AttributeError: 'list' object has no attribute 'strip'
2019-06-21 16:30:03 [scrapy.core.scraper] ERROR: Spider error processing <GET http://m.blog.daum.net/hisomsatang123/6804> (referer: http://search.daum.net/search?q=%EC%96%91%ED%8C%8C&w=blog&f=section&SA=daumsec&DA=PGD&lpp=10&nil_search=btn&sd=20190621000000&ed=20190621235959&period=u&enc=utf8&page=2)
Traceback (most recent call last):
  File "c:\users\teo\appdata\local\programs\python\python37-32\lib\site-packages\twisted\internet\defer.py", line 654, in _runCallbacks
    current.result = callback(current.result, *args, **kw)
  File "C:\Users\Teo\Desktop\Coding\django\adminingDJ\scrappy_app\scrappy_app\spiders\daumBlog.py", line 110, in parse
    content = content.strip()
AttributeError: 'list' object has no attribute 'strip'
2019-06-21 16:30:03 [scrapy.core.engine] DEBUG: Crawled (200) <GET http://m.blog.daum.net/aa0408/1726> (referer: http://search.daum.net/search?q=%EC%96%91%ED%8C%8C&w=blog&f=section&SA=daumsec&DA=PGD&lpp=10&nil_search=btn&sd=20190621000000&ed=20190621235959&period=u&enc=utf8&page=2)
2019-06-21 16:30:03 [scrapy.core.scraper] ERROR: Spider error processing <GET http://m.blog.daum.net/easool/489> (referer: http://search.daum.net/search?q=%EC%96%91%ED%8C%8C&w=blog&f=section&SA=daumsec&DA=PGD&lpp=10&nil_search=btn&sd=20190621000000&ed=20190621235959&period=u&enc=utf8&page=2)
Traceback (most recent call last):
  File "c:\users\teo\appdata\local\programs\python\python37-32\lib\site-packages\twisted\internet\defer.py", line 654, in _runCallbacks
    current.result = callback(current.result, *args, **kw)
  File "C:\Users\Teo\Desktop\Coding\django\adminingDJ\scrappy_app\scrappy_app\spiders\daumBlog.py", line 110, in parse
    content = content.strip()
AttributeError: 'list' object has no attribute 'strip'
2019-06-21 16:30:03 [scrapy.core.scraper] ERROR: Spider error processing <GET http://m.blog.daum.net/reyauction8181/8692> (referer: http://search.daum.net/search?q=%EC%98%A5%EC%B4%9D&w=blog&f=section&SA=daumsec&DA=PGD&lpp=10&nil_search=btn&sd=20190621000000&ed=20190621235959&period=u&enc=utf8&page=1)
Traceback (most recent call last):
  File "c:\users\teo\appdata\local\programs\python\python37-32\lib\site-packages\twisted\internet\defer.py", line 654, in _runCallbacks
    current.result = callback(current.result, *args, **kw)
  File "C:\Users\Teo\Desktop\Coding\django\adminingDJ\scrappy_app\scrappy_app\spiders\daumBlog.py", line 110, in parse
    content = content.strip()
AttributeError: 'list' object has no attribute 'strip'
2019-06-21 16:30:03 [scrapy.core.scraper] ERROR: Spider error processing <GET http://m.blog.daum.net/teafood/1171> (referer: http://search.daum.net/search?q=%EC%96%91%ED%8C%8C&w=blog&f=section&SA=daumsec&DA=PGD&lpp=10&nil_search=btn&sd=20190621000000&ed=20190621235959&period=u&enc=utf8&page=2)
Traceback (most recent call last):
  File "c:\users\teo\appdata\local\programs\python\python37-32\lib\site-packages\twisted\internet\defer.py", line 654, in _runCallbacks
    current.result = callback(current.result, *args, **kw)
  File "C:\Users\Teo\Desktop\Coding\django\adminingDJ\scrappy_app\scrappy_app\spiders\daumBlog.py", line 110, in parse
    content = content.strip()
AttributeError: 'list' object has no attribute 'strip'
2019-06-21 16:30:03 [scrapy.core.scraper] ERROR: Spider error processing <GET http://m.blog.daum.net/wjdwjdtnr6433/3206> (referer: http://search.daum.net/search?q=%EC%96%91%ED%8C%8C&w=blog&f=section&SA=daumsec&DA=PGD&lpp=10&nil_search=btn&sd=20190621000000&ed=20190621235959&period=u&enc=utf8&page=2)
Traceback (most recent call last):
  File "c:\users\teo\appdata\local\programs\python\python37-32\lib\site-packages\twisted\internet\defer.py", line 654, in _runCallbacks
    current.result = callback(current.result, *args, **kw)
  File "C:\Users\Teo\Desktop\Coding\django\adminingDJ\scrappy_app\scrappy_app\spiders\daumBlog.py", line 110, in parse
    content = content.strip()
AttributeError: 'list' object has no attribute 'strip'
2019-06-21 16:30:03 [scrapy.core.scraper] ERROR: Spider error processing <GET http://m.blog.daum.net/mylovemay/15535570> (referer: http://search.daum.net/search?q=%EC%96%91%ED%8C%8C&w=blog&f=section&SA=daumsec&DA=PGD&lpp=10&nil_search=btn&sd=20190621000000&ed=20190621235959&period=u&enc=utf8&page=1)
Traceback (most recent call last):
  File "c:\users\teo\appdata\local\programs\python\python37-32\lib\site-packages\twisted\internet\defer.py", line 654, in _runCallbacks
    current.result = callback(current.result, *args, **kw)
  File "C:\Users\Teo\Desktop\Coding\django\adminingDJ\scrappy_app\scrappy_app\spiders\daumBlog.py", line 110, in parse
    content = content.strip()
AttributeError: 'list' object has no attribute 'strip'
2019-06-21 16:30:03 [scrapy.core.scraper] ERROR: Spider error processing <GET http://m.blog.daum.net/csmsjy/7092214> (referer: http://search.daum.net/search?q=%EC%96%91%ED%8C%8C&w=blog&f=section&SA=daumsec&DA=PGD&lpp=10&nil_search=btn&sd=20190621000000&ed=20190621235959&period=u&enc=utf8&page=1)
Traceback (most recent call last):
  File "c:\users\teo\appdata\local\programs\python\python37-32\lib\site-packages\twisted\internet\defer.py", line 654, in _runCallbacks
    current.result = callback(current.result, *args, **kw)
  File "C:\Users\Teo\Desktop\Coding\django\adminingDJ\scrappy_app\scrappy_app\spiders\daumBlog.py", line 110, in parse
    content = content.strip()
AttributeError: 'list' object has no attribute 'strip'
2019-06-21 16:30:03 [scrapy.core.scraper] ERROR: Spider error processing <GET http://m.blog.daum.net/whitesuna1/106> (referer: http://search.daum.net/search?q=%EC%96%91%ED%8C%8C&w=blog&f=section&SA=daumsec&DA=PGD&lpp=10&nil_search=btn&sd=20190621000000&ed=20190621235959&period=u&enc=utf8&page=2)
Traceback (most recent call last):
  File "c:\users\teo\appdata\local\programs\python\python37-32\lib\site-packages\twisted\internet\defer.py", line 654, in _runCallbacks
    current.result = callback(current.result, *args, **kw)
  File "C:\Users\Teo\Desktop\Coding\django\adminingDJ\scrappy_app\scrappy_app\spiders\daumBlog.py", line 110, in parse
    content = content.strip()
AttributeError: 'list' object has no attribute 'strip'
2019-06-21 16:30:03 [scrapy.core.scraper] ERROR: Spider error processing <GET http://m.blog.daum.net/aa0408/1726> (referer: http://search.daum.net/search?q=%EC%96%91%ED%8C%8C&w=blog&f=section&SA=daumsec&DA=PGD&lpp=10&nil_search=btn&sd=20190621000000&ed=20190621235959&period=u&enc=utf8&page=2)
Traceback (most recent call last):
  File "c:\users\teo\appdata\local\programs\python\python37-32\lib\site-packages\twisted\internet\defer.py", line 654, in _runCallbacks
    current.result = callback(current.result, *args, **kw)
  File "C:\Users\Teo\Desktop\Coding\django\adminingDJ\scrappy_app\scrappy_app\spiders\daumBlog.py", line 110, in parse
    content = content.strip()
AttributeError: 'list' object has no attribute 'strip'
2019-06-21 16:30:03 [scrapy.core.engine] DEBUG: Crawled (200) <GET http://m.blog.daum.net/keytopia2121/3593> (referer: http://search.daum.net/search?q=%EC%96%91%ED%8C%8C&w=blog&f=section&SA=daumsec&DA=PGD&lpp=10&nil_search=btn&sd=20190621000000&ed=20190621235959&period=u&enc=utf8&page=2)
2019-06-21 16:30:03 [scrapy.core.engine] DEBUG: Crawled (200) <GET http://m.blog.daum.net/silve5/525> (referer: http://search.daum.net/search?q=%EC%96%91%ED%8C%8C&w=blog&f=section&SA=daumsec&DA=PGD&lpp=10&nil_search=btn&sd=20190621000000&ed=20190621235959&period=u&enc=utf8&page=2)
2019-06-21 16:30:03 [scrapy.core.engine] DEBUG: Crawled (200) <GET http://m.blog.daum.net/chdchdc/72> (referer: http://search.daum.net/search?q=%EC%96%91%ED%8C%8C&w=blog&f=section&SA=daumsec&DA=PGD&lpp=10&nil_search=btn&sd=20190621000000&ed=20190621235959&period=u&enc=utf8&page=2)
2019-06-21 16:30:03 [scrapy.core.engine] DEBUG: Crawled (200) <GET http://search.daum.net/search?q=%EC%96%91%ED%8C%8C&w=blog&f=section&SA=daumsec&DA=PGD&lpp=10&nil_search=btn&sd=20190621000000&ed=20190621235959&period=u&enc=utf8&page=4> (referer: http://search.daum.net/search?q=%EC%96%91%ED%8C%8C&w=blog&f=section&SA=daumsec&DA=PGD&lpp=10&nil_search=btn&sd=20190621000000&ed=20190621235959&period=u&enc=utf8&page=3)
2019-06-21 16:30:03 [scrapy.core.engine] DEBUG: Crawled (200) <GET http://m.blog.daum.net/godong4725/2922> (referer: http://search.daum.net/search?q=%EC%96%91%ED%8C%8C&w=blog&f=section&SA=daumsec&DA=PGD&lpp=10&nil_search=btn&sd=20190621000000&ed=20190621235959&period=u&enc=utf8&page=3)
2019-06-21 16:30:03 [scrapy.core.scraper] ERROR: Spider error processing <GET http://m.blog.daum.net/keytopia2121/3593> (referer: http://search.daum.net/search?q=%EC%96%91%ED%8C%8C&w=blog&f=section&SA=daumsec&DA=PGD&lpp=10&nil_search=btn&sd=20190621000000&ed=20190621235959&period=u&enc=utf8&page=2)
Traceback (most recent call last):
  File "c:\users\teo\appdata\local\programs\python\python37-32\lib\site-packages\twisted\internet\defer.py", line 654, in _runCallbacks
    current.result = callback(current.result, *args, **kw)
  File "C:\Users\Teo\Desktop\Coding\django\adminingDJ\scrappy_app\scrappy_app\spiders\daumBlog.py", line 110, in parse
    content = content.strip()
AttributeError: 'list' object has no attribute 'strip'
2019-06-21 16:30:03 [scrapy.core.engine] DEBUG: Crawled (200) <GET http://m.blog.daum.net/bindol0641/14674> (referer: http://search.daum.net/search?q=%EC%96%91%ED%8C%8C&w=blog&f=section&SA=daumsec&DA=PGD&lpp=10&nil_search=btn&sd=20190621000000&ed=20190621235959&period=u&enc=utf8&page=3)
2019-06-21 16:30:03 [scrapy.core.engine] DEBUG: Crawled (200) <GET http://m.blog.daum.net/hebavepo/1594> (referer: http://search.daum.net/search?q=%EC%96%91%ED%8C%8C&w=blog&f=section&SA=daumsec&DA=PGD&lpp=10&nil_search=btn&sd=20190621000000&ed=20190621235959&period=u&enc=utf8&page=3)
2019-06-21 16:30:03 [scrapy.core.engine] DEBUG: Crawled (200) <GET http://m.blog.daum.net/atomwind/3340> (referer: http://search.daum.net/search?q=%EC%96%91%ED%8C%8C&w=blog&f=section&SA=daumsec&DA=PGD&lpp=10&nil_search=btn&sd=20190621000000&ed=20190621235959&period=u&enc=utf8&page=3)
2019-06-21 16:30:03 [scrapy.core.scraper] ERROR: Spider error processing <GET http://m.blog.daum.net/silve5/525> (referer: http://search.daum.net/search?q=%EC%96%91%ED%8C%8C&w=blog&f=section&SA=daumsec&DA=PGD&lpp=10&nil_search=btn&sd=20190621000000&ed=20190621235959&period=u&enc=utf8&page=2)
Traceback (most recent call last):
  File "c:\users\teo\appdata\local\programs\python\python37-32\lib\site-packages\twisted\internet\defer.py", line 654, in _runCallbacks
    current.result = callback(current.result, *args, **kw)
  File "C:\Users\Teo\Desktop\Coding\django\adminingDJ\scrappy_app\scrappy_app\spiders\daumBlog.py", line 110, in parse
    content = content.strip()
AttributeError: 'list' object has no attribute 'strip'
2019-06-21 16:30:03 [scrapy.core.scraper] ERROR: Spider error processing <GET http://m.blog.daum.net/chdchdc/72> (referer: http://search.daum.net/search?q=%EC%96%91%ED%8C%8C&w=blog&f=section&SA=daumsec&DA=PGD&lpp=10&nil_search=btn&sd=20190621000000&ed=20190621235959&period=u&enc=utf8&page=2)
Traceback (most recent call last):
  File "c:\users\teo\appdata\local\programs\python\python37-32\lib\site-packages\twisted\internet\defer.py", line 654, in _runCallbacks
    current.result = callback(current.result, *args, **kw)
  File "C:\Users\Teo\Desktop\Coding\django\adminingDJ\scrappy_app\scrappy_app\spiders\daumBlog.py", line 110, in parse
    content = content.strip()
AttributeError: 'list' object has no attribute 'strip'
2019-06-21 16:30:03 [scrapy.core.engine] DEBUG: Crawled (200) <GET http://m.blog.daum.net/peellacope/48> (referer: http://search.daum.net/search?q=%EC%96%91%ED%8C%8C&w=blog&f=section&SA=daumsec&DA=PGD&lpp=10&nil_search=btn&sd=20190621000000&ed=20190621235959&period=u&enc=utf8&page=3)
2019-06-21 16:30:03 [scrapy.dupefilters] DEBUG: Filtered duplicate request: <GET http://m.blog.daum.net/bindol0641/14674> - no more duplicates will be shown (see DUPEFILTER_DEBUG to show all duplicates)
2019-06-21 16:30:03 [scrapy.core.engine] DEBUG: Crawled (200) <GET http://m.blog.daum.net/mjs73111/454> (referer: http://search.daum.net/search?q=%EC%96%91%ED%8C%8C&w=blog&f=section&SA=daumsec&DA=PGD&lpp=10&nil_search=btn&sd=20190621000000&ed=20190621235959&period=u&enc=utf8&page=3)
2019-06-21 16:30:03 [scrapy.core.scraper] ERROR: Spider error processing <GET http://m.blog.daum.net/godong4725/2922> (referer: http://search.daum.net/search?q=%EC%96%91%ED%8C%8C&w=blog&f=section&SA=daumsec&DA=PGD&lpp=10&nil_search=btn&sd=20190621000000&ed=20190621235959&period=u&enc=utf8&page=3)
Traceback (most recent call last):
  File "c:\users\teo\appdata\local\programs\python\python37-32\lib\site-packages\twisted\internet\defer.py", line 654, in _runCallbacks
    current.result = callback(current.result, *args, **kw)
  File "C:\Users\Teo\Desktop\Coding\django\adminingDJ\scrappy_app\scrappy_app\spiders\daumBlog.py", line 110, in parse
    content = content.strip()
AttributeError: 'list' object has no attribute 'strip'
2019-06-21 16:30:03 [scrapy.core.engine] DEBUG: Crawled (200) <GET http://m.blog.daum.net/wkj3507/16114387> (referer: http://search.daum.net/search?q=%EC%96%91%ED%8C%8C&w=blog&f=section&SA=daumsec&DA=PGD&lpp=10&nil_search=btn&sd=20190621000000&ed=20190621235959&period=u&enc=utf8&page=3)
2019-06-21 16:30:03 [scrapy.core.engine] DEBUG: Crawled (200) <GET http://m.blog.daum.net/ssyi6611/915> (referer: http://search.daum.net/search?q=%EC%96%91%ED%8C%8C&w=blog&f=section&SA=daumsec&DA=PGD&lpp=10&nil_search=btn&sd=20190621000000&ed=20190621235959&period=u&enc=utf8&page=3)
2019-06-21 16:30:03 [scrapy.core.scraper] ERROR: Spider error processing <GET http://m.blog.daum.net/bindol0641/14674> (referer: http://search.daum.net/search?q=%EC%96%91%ED%8C%8C&w=blog&f=section&SA=daumsec&DA=PGD&lpp=10&nil_search=btn&sd=20190621000000&ed=20190621235959&period=u&enc=utf8&page=3)
Traceback (most recent call last):
  File "c:\users\teo\appdata\local\programs\python\python37-32\lib\site-packages\twisted\internet\defer.py", line 654, in _runCallbacks
    current.result = callback(current.result, *args, **kw)
  File "C:\Users\Teo\Desktop\Coding\django\adminingDJ\scrappy_app\scrappy_app\spiders\daumBlog.py", line 110, in parse
    content = content.strip()
AttributeError: 'list' object has no attribute 'strip'
2019-06-21 16:30:03 [scrapy.core.scraper] ERROR: Spider error processing <GET http://m.blog.daum.net/hebavepo/1594> (referer: http://search.daum.net/search?q=%EC%96%91%ED%8C%8C&w=blog&f=section&SA=daumsec&DA=PGD&lpp=10&nil_search=btn&sd=20190621000000&ed=20190621235959&period=u&enc=utf8&page=3)
Traceback (most recent call last):
  File "c:\users\teo\appdata\local\programs\python\python37-32\lib\site-packages\twisted\internet\defer.py", line 654, in _runCallbacks
    current.result = callback(current.result, *args, **kw)
  File "C:\Users\Teo\Desktop\Coding\django\adminingDJ\scrappy_app\scrappy_app\spiders\daumBlog.py", line 110, in parse
    content = content.strip()
AttributeError: 'list' object has no attribute 'strip'
2019-06-21 16:30:03 [scrapy.core.scraper] ERROR: Spider error processing <GET http://m.blog.daum.net/atomwind/3340> (referer: http://search.daum.net/search?q=%EC%96%91%ED%8C%8C&w=blog&f=section&SA=daumsec&DA=PGD&lpp=10&nil_search=btn&sd=20190621000000&ed=20190621235959&period=u&enc=utf8&page=3)
Traceback (most recent call last):
  File "c:\users\teo\appdata\local\programs\python\python37-32\lib\site-packages\twisted\internet\defer.py", line 654, in _runCallbacks
    current.result = callback(current.result, *args, **kw)
  File "C:\Users\Teo\Desktop\Coding\django\adminingDJ\scrappy_app\scrappy_app\spiders\daumBlog.py", line 110, in parse
    content = content.strip()
AttributeError: 'list' object has no attribute 'strip'
2019-06-21 16:30:04 [scrapy.core.scraper] ERROR: Spider error processing <GET http://m.blog.daum.net/peellacope/48> (referer: http://search.daum.net/search?q=%EC%96%91%ED%8C%8C&w=blog&f=section&SA=daumsec&DA=PGD&lpp=10&nil_search=btn&sd=20190621000000&ed=20190621235959&period=u&enc=utf8&page=3)
Traceback (most recent call last):
  File "c:\users\teo\appdata\local\programs\python\python37-32\lib\site-packages\twisted\internet\defer.py", line 654, in _runCallbacks
    current.result = callback(current.result, *args, **kw)
  File "C:\Users\Teo\Desktop\Coding\django\adminingDJ\scrappy_app\scrappy_app\spiders\daumBlog.py", line 110, in parse
    content = content.strip()
AttributeError: 'list' object has no attribute 'strip'
2019-06-21 16:30:04 [scrapy.core.engine] DEBUG: Crawled (200) <GET http://m.blog.daum.net/escg3824/5773> (referer: http://search.daum.net/search?q=%EC%96%91%ED%8C%8C&w=blog&f=section&SA=daumsec&DA=PGD&lpp=10&nil_search=btn&sd=20190621000000&ed=20190621235959&period=u&enc=utf8&page=3)
2019-06-21 16:30:04 [scrapy.core.engine] DEBUG: Crawled (200) <GET http://m.blog.daum.net/c.j.jungwon/1861> (referer: http://search.daum.net/search?q=%EC%96%91%ED%8C%8C&w=blog&f=section&SA=daumsec&DA=PGD&lpp=10&nil_search=btn&sd=20190621000000&ed=20190621235959&period=u&enc=utf8&page=2)
2019-06-21 16:30:04 [scrapy.core.scraper] ERROR: Spider error processing <GET http://m.blog.daum.net/mjs73111/454> (referer: http://search.daum.net/search?q=%EC%96%91%ED%8C%8C&w=blog&f=section&SA=daumsec&DA=PGD&lpp=10&nil_search=btn&sd=20190621000000&ed=20190621235959&period=u&enc=utf8&page=3)
Traceback (most recent call last):
  File "c:\users\teo\appdata\local\programs\python\python37-32\lib\site-packages\twisted\internet\defer.py", line 654, in _runCallbacks
    current.result = callback(current.result, *args, **kw)
  File "C:\Users\Teo\Desktop\Coding\django\adminingDJ\scrappy_app\scrappy_app\spiders\daumBlog.py", line 110, in parse
    content = content.strip()
AttributeError: 'list' object has no attribute 'strip'
2019-06-21 16:30:04 [scrapy.core.scraper] ERROR: Spider error processing <GET http://m.blog.daum.net/wkj3507/16114387> (referer: http://search.daum.net/search?q=%EC%96%91%ED%8C%8C&w=blog&f=section&SA=daumsec&DA=PGD&lpp=10&nil_search=btn&sd=20190621000000&ed=20190621235959&period=u&enc=utf8&page=3)
Traceback (most recent call last):
  File "c:\users\teo\appdata\local\programs\python\python37-32\lib\site-packages\twisted\internet\defer.py", line 654, in _runCallbacks
    current.result = callback(current.result, *args, **kw)
  File "C:\Users\Teo\Desktop\Coding\django\adminingDJ\scrappy_app\scrappy_app\spiders\daumBlog.py", line 110, in parse
    content = content.strip()
AttributeError: 'list' object has no attribute 'strip'
2019-06-21 16:30:04 [scrapy.core.scraper] ERROR: Spider error processing <GET http://m.blog.daum.net/ssyi6611/915> (referer: http://search.daum.net/search?q=%EC%96%91%ED%8C%8C&w=blog&f=section&SA=daumsec&DA=PGD&lpp=10&nil_search=btn&sd=20190621000000&ed=20190621235959&period=u&enc=utf8&page=3)
Traceback (most recent call last):
  File "c:\users\teo\appdata\local\programs\python\python37-32\lib\site-packages\twisted\internet\defer.py", line 654, in _runCallbacks
    current.result = callback(current.result, *args, **kw)
  File "C:\Users\Teo\Desktop\Coding\django\adminingDJ\scrappy_app\scrappy_app\spiders\daumBlog.py", line 110, in parse
    content = content.strip()
AttributeError: 'list' object has no attribute 'strip'
2019-06-21 16:30:04 [scrapy.core.scraper] ERROR: Spider error processing <GET http://m.blog.daum.net/escg3824/5773> (referer: http://search.daum.net/search?q=%EC%96%91%ED%8C%8C&w=blog&f=section&SA=daumsec&DA=PGD&lpp=10&nil_search=btn&sd=20190621000000&ed=20190621235959&period=u&enc=utf8&page=3)
Traceback (most recent call last):
  File "c:\users\teo\appdata\local\programs\python\python37-32\lib\site-packages\twisted\internet\defer.py", line 654, in _runCallbacks
    current.result = callback(current.result, *args, **kw)
  File "C:\Users\Teo\Desktop\Coding\django\adminingDJ\scrappy_app\scrappy_app\spiders\daumBlog.py", line 110, in parse
    content = content.strip()
AttributeError: 'list' object has no attribute 'strip'
2019-06-21 16:30:04 [scrapy.core.scraper] ERROR: Spider error processing <GET http://m.blog.daum.net/c.j.jungwon/1861> (referer: http://search.daum.net/search?q=%EC%96%91%ED%8C%8C&w=blog&f=section&SA=daumsec&DA=PGD&lpp=10&nil_search=btn&sd=20190621000000&ed=20190621235959&period=u&enc=utf8&page=2)
Traceback (most recent call last):
  File "c:\users\teo\appdata\local\programs\python\python37-32\lib\site-packages\twisted\internet\defer.py", line 654, in _runCallbacks
    current.result = callback(current.result, *args, **kw)
  File "C:\Users\Teo\Desktop\Coding\django\adminingDJ\scrappy_app\scrappy_app\spiders\daumBlog.py", line 110, in parse
    content = content.strip()
AttributeError: 'list' object has no attribute 'strip'
2019-06-21 16:30:04 [scrapy.core.engine] INFO: Closing spider (finished)
2019-06-21 16:30:04 [scrapy.statscollectors] INFO: Dumping Scrapy stats:
{'downloader/request_bytes': 19284,
 'downloader/request_count': 41,
 'downloader/request_method_count/GET': 41,
 'downloader/response_bytes': 731229,
 'downloader/response_count': 41,
 'downloader/response_status_count/200': 41,
 'dupefilter/filtered': 9,
 'finish_reason': 'finished',
 'finish_time': datetime.datetime(2019, 6, 21, 7, 30, 4, 300104),
 'log_count/DEBUG': 48,
 'log_count/ERROR': 33,
 'log_count/INFO': 9,
 'request_depth_max': 4,
 'response_received_count': 41,
 'scheduler/dequeued': 41,
 'scheduler/dequeued/memory': 41,
 'scheduler/enqueued': 41,
 'scheduler/enqueued/memory': 41,
 'spider_exceptions/AttributeError': 33,
 'start_time': datetime.datetime(2019, 6, 21, 7, 30, 2, 723319)}
2019-06-21 16:30:04 [scrapy.core.engine] INFO: Spider closed (finished)
