2019-06-21 19:56:15 [scrapy.utils.log] INFO: Scrapy 1.6.0 started (bot: scrappy_app)
2019-06-21 19:56:15 [scrapy.utils.log] INFO: Versions: lxml 4.2.5.0, libxml2 2.9.5, cssselect 1.0.3, parsel 1.5.1, w3lib 1.20.0, Twisted 18.9.0, Python 3.7.3 (v3.7.3:ef4ec6ed12, Mar 25 2019, 21:26:53) [MSC v.1916 32 bit (Intel)], pyOpenSSL 19.0.0 (OpenSSL 1.1.1b  26 Feb 2019), cryptography 2.6.1, Platform Windows-10-10.0.17134-SP0
2019-06-21 19:56:15 [scrapy.crawler] INFO: Overridden settings: {'BOT_NAME': 'scrappy_app', 'LOG_FILE': 'logs\\default\\twitter\\2dae2142941311e9b6d3606dc7a02a2e.log', 'NEWSPIDER_MODULE': 'scrappy_app.spiders', 'SPIDER_MODULES': ['scrappy_app.spiders'], 'USER_AGENT': 'Mozilla/5.0 (Windows NT 10.0; Win64; x64; rv:67.0) Gecko/20100101 Firefox/67.0'}
2019-06-21 19:56:15 [scrapy.extensions.telnet] INFO: Telnet Password: ebc2e64e2bfd3ac7
2019-06-21 19:56:15 [scrapy.middleware] INFO: Enabled extensions:
['scrapy.extensions.corestats.CoreStats',
 'scrapy.extensions.telnet.TelnetConsole',
 'scrapy.extensions.logstats.LogStats']
2019-06-21 19:56:15 [djongo.sql2mongo.query] DEBUG: params: ('5bda9a76-42e9-47d1-b224-db6569229654',)
2019-06-21 19:56:15 [djongo.sql2mongo.query] DEBUG: 
 sql_command: SELECT "iCrawler_mycollection"."id", "iCrawler_mycollection"."unique_id", "iCrawler_mycollection"."jobids", "iCrawler_mycollection"."search_keyword", "iCrawler_mycollection"."channel_broadcast", "iCrawler_mycollection"."channel_published", "iCrawler_mycollection"."channel_blog", "iCrawler_mycollection"."channel_sns", "iCrawler_mycollection"."start_date", "iCrawler_mycollection"."end_date", "iCrawler_mycollection"."user_ip", "iCrawler_mycollection"."user_agent", "iCrawler_mycollection"."status", "iCrawler_mycollection"."created_date" FROM "iCrawler_mycollection" WHERE "iCrawler_mycollection"."unique_id" = %(0)s
2019-06-21 19:56:15 [djongo.sql2mongo.query] DEBUG: Find query: {'filter': {'unique_id': {'$eq': '5bda9a76-42e9-47d1-b224-db6569229654'}}, 'projection': ['id', 'unique_id', 'jobids', 'search_keyword', 'channel_broadcast', 'channel_published', 'channel_blog', 'channel_sns', 'start_date', 'end_date', 'user_ip', 'user_agent', 'status', 'created_date']}
2019-06-21 19:56:15 [djongo.sql2mongo.query] DEBUG: params: ('5bda9a76-42e9-47d1-b224-db6569229654', '2dae2142941311e9b6d3606dc7a02a2e', 'potato,배추,백채,숭채,cabbage', '뉴시스,SBS 뉴스,MBN,한국경제TV,MBC 뉴스,others', '연합뉴스,아시아경제,매일경제,머니투데이,레이디경향,others', 'daum,naver', 'twitter', datetime.datetime(2019, 6, 20, 15, 0), datetime.datetime(2019, 6, 20, 15, 0), '127.0.0.1', 'Mozilla/5.0 (Windows NT 10.0; Win64; x64; rv:67.0) Gecko/20100101 Firefox/67.0', 'finished', datetime.datetime(2019, 6, 21, 10, 56, 5, 85000), 366)
2019-06-21 19:56:15 [djongo.sql2mongo.query] DEBUG: 
 sql_command: UPDATE "iCrawler_mycollection" SET "unique_id" = %(0)s, "jobids" = %(1)s, "search_keyword" = %(2)s, "channel_broadcast" = %(3)s, "channel_published" = %(4)s, "channel_blog" = %(5)s, "channel_sns" = %(6)s, "start_date" = %(7)s, "end_date" = %(8)s, "user_ip" = %(9)s, "user_agent" = %(10)s, "status" = %(11)s, "created_date" = %(12)s WHERE "iCrawler_mycollection"."id" = %(13)s
2019-06-21 19:56:15 [djongo.sql2mongo.query] DEBUG: update_many: 1, matched: 1
2019-06-21 19:56:15 [scrapy.middleware] INFO: Enabled downloader middlewares:
['scrapy.downloadermiddlewares.httpauth.HttpAuthMiddleware',
 'scrapy.downloadermiddlewares.downloadtimeout.DownloadTimeoutMiddleware',
 'scrapy.downloadermiddlewares.defaultheaders.DefaultHeadersMiddleware',
 'scrapy.downloadermiddlewares.useragent.UserAgentMiddleware',
 'scrapy.downloadermiddlewares.retry.RetryMiddleware',
 'scrapy.downloadermiddlewares.redirect.MetaRefreshMiddleware',
 'scrapy.downloadermiddlewares.httpcompression.HttpCompressionMiddleware',
 'scrapy.downloadermiddlewares.redirect.RedirectMiddleware',
 'scrapy.downloadermiddlewares.cookies.CookiesMiddleware',
 'scrapy.downloadermiddlewares.httpproxy.HttpProxyMiddleware',
 'scrapy.downloadermiddlewares.stats.DownloaderStats']
2019-06-21 19:56:15 [scrapy.middleware] INFO: Enabled spider middlewares:
['scrapy.spidermiddlewares.httperror.HttpErrorMiddleware',
 'scrapy.spidermiddlewares.offsite.OffsiteMiddleware',
 'scrapy.spidermiddlewares.referer.RefererMiddleware',
 'scrapy.spidermiddlewares.urllength.UrlLengthMiddleware',
 'scrapy.spidermiddlewares.depth.DepthMiddleware']
2019-06-21 19:56:15 [scrapy.middleware] INFO: Enabled item pipelines:
['scrappy_app.pipelines.TwitterPipeline']
2019-06-21 19:56:15 [scrapy.core.engine] INFO: Spider opened
2019-06-21 19:56:15 [scrapy.extensions.logstats] INFO: Crawled 0 pages (at 0 pages/min), scraped 0 items (at 0 items/min)
2019-06-21 19:56:15 [scrapy.extensions.telnet] INFO: Telnet console listening on 127.0.0.1:6023
2019-06-21 19:56:16 [scrapy.core.engine] DEBUG: Crawled (200) <GET https://twitter.com/i/search/timeline?&q=%EB%B0%B0%EC%B6%94%20since%3A2019-06-21%20until%3A2019-06-21&src=typd&max_position=> (referer: None)
2019-06-21 19:56:16 [scrapy.core.engine] DEBUG: Crawled (200) <GET https://twitter.com/i/search/timeline?&q=potato%20since%3A2019-06-21%20until%3A2019-06-21&src=typd&max_position=> (referer: None)
2019-06-21 19:56:16 [scrapy.core.engine] DEBUG: Crawled (200) <GET https://twitter.com/i/search/timeline?&q=%EC%88%AD%EC%B1%84%20since%3A2019-06-21%20until%3A2019-06-21&src=typd&max_position=> (referer: None)
2019-06-21 19:56:16 [scrapy.core.engine] DEBUG: Crawled (200) <GET https://twitter.com/i/search/timeline?&q=%EB%B0%B1%EC%B1%84%20since%3A2019-06-21%20until%3A2019-06-21&src=typd&max_position=> (referer: None)
2019-06-21 19:56:16 [scrapy.core.engine] DEBUG: Crawled (200) <GET https://twitter.com/i/search/timeline?&q=cabbage%20since%3A2019-06-21%20until%3A2019-06-21&src=typd&max_position=> (referer: None)
2019-06-21 19:56:16 [scrapy.core.engine] INFO: Closing spider (finished)
2019-06-21 19:56:16 [scrapy.statscollectors] INFO: Dumping Scrapy stats:
{'downloader/request_bytes': 1767,
 'downloader/request_count': 5,
 'downloader/request_method_count/GET': 5,
 'downloader/response_bytes': 13183,
 'downloader/response_count': 5,
 'downloader/response_status_count/200': 5,
 'finish_reason': 'finished',
 'finish_time': datetime.datetime(2019, 6, 21, 10, 56, 16, 576467),
 'log_count/DEBUG': 11,
 'log_count/INFO': 9,
 'response_received_count': 5,
 'scheduler/dequeued': 5,
 'scheduler/dequeued/memory': 5,
 'scheduler/enqueued': 5,
 'scheduler/enqueued/memory': 5,
 'start_time': datetime.datetime(2019, 6, 21, 10, 56, 15, 688840)}
2019-06-21 19:56:16 [scrapy.core.engine] INFO: Spider closed (finished)
