2019-04-18 15:04:22 [scrapy.utils.log] INFO: Scrapy 1.6.0 started (bot: scrappy_app)
2019-04-18 15:04:22 [scrapy.utils.log] INFO: Versions: lxml 4.2.5.0, libxml2 2.9.5, cssselect 1.0.3, parsel 1.5.1, w3lib 1.20.0, Twisted 18.9.0, Python 3.7.3 (v3.7.3:ef4ec6ed12, Mar 25 2019, 21:26:53) [MSC v.1916 32 bit (Intel)], pyOpenSSL 19.0.0 (OpenSSL 1.1.1b  26 Feb 2019), cryptography 2.6.1, Platform Windows-10-10.0.17134-SP0
2019-04-18 15:04:22 [scrapy.crawler] INFO: Overridden settings: {'BOT_NAME': 'scrappy_app', 'LOG_FILE': 'logs\\default\\quotes\\cc2e83d8619f11e9bb48606dc7a02a2e.log', 'NEWSPIDER_MODULE': 'scrappy_app.spiders', 'SPIDER_MODULES': ['scrappy_app.spiders'], 'USER_AGENT': 'Mozilla/5.0 (Windows NT 10.0; Win64; x64; rv:66.0) Gecko/20100101 Firefox/66.0'}
2019-04-18 15:04:22 [scrapy.extensions.telnet] INFO: Telnet Password: f0df54f46bf4b2d6
2019-04-18 15:04:22 [scrapy.middleware] INFO: Enabled extensions:
['scrapy.extensions.corestats.CoreStats',
 'scrapy.extensions.telnet.TelnetConsole',
 'scrapy.extensions.logstats.LogStats']
2019-04-18 15:04:22 [scrapy.middleware] INFO: Enabled downloader middlewares:
['scrapy.downloadermiddlewares.httpauth.HttpAuthMiddleware',
 'scrappy_app.middlewares.SeleniumMiddleware',
 'scrapy.downloadermiddlewares.downloadtimeout.DownloadTimeoutMiddleware',
 'scrapy.downloadermiddlewares.defaultheaders.DefaultHeadersMiddleware',
 'scrapy.downloadermiddlewares.useragent.UserAgentMiddleware',
 'scrapy.downloadermiddlewares.retry.RetryMiddleware',
 'scrapy.downloadermiddlewares.redirect.MetaRefreshMiddleware',
 'scrapy.downloadermiddlewares.httpcompression.HttpCompressionMiddleware',
 'scrapy.downloadermiddlewares.redirect.RedirectMiddleware',
 'scrapy.downloadermiddlewares.cookies.CookiesMiddleware',
 'scrapy.downloadermiddlewares.httpproxy.HttpProxyMiddleware',
 'scrapy.downloadermiddlewares.stats.DownloaderStats']
2019-04-18 15:04:22 [scrapy.middleware] INFO: Enabled spider middlewares:
['scrapy.spidermiddlewares.httperror.HttpErrorMiddleware',
 'scrapy.spidermiddlewares.offsite.OffsiteMiddleware',
 'scrapy.spidermiddlewares.referer.RefererMiddleware',
 'scrapy.spidermiddlewares.urllength.UrlLengthMiddleware',
 'scrapy.spidermiddlewares.depth.DepthMiddleware']
2019-04-18 15:04:23 [scrapy.middleware] INFO: Enabled item pipelines:
['scrappy_app.pipelines.QuotesPipeline']
2019-04-18 15:04:23 [scrapy.core.engine] INFO: Spider opened
2019-04-18 15:04:23 [scrapy.extensions.logstats] INFO: Crawled 0 pages (at 0 pages/min), scraped 0 items (at 0 items/min)
2019-04-18 15:04:26 [selenium.webdriver.remote.remote_connection] DEBUG: POST http://127.0.0.1:11863/session {"capabilities": {"firstMatch": [{}], "alwaysMatch": {"browserName": "firefox", "acceptInsecureCerts": true}}, "desiredCapabilities": {"browserName": "firefox", "acceptInsecureCerts": true, "marionette": true}}
2019-04-18 15:04:26 [urllib3.connectionpool] DEBUG: Starting new HTTP connection (1): 127.0.0.1:11863
2019-04-18 15:04:30 [urllib3.connectionpool] DEBUG: http://127.0.0.1:11863 "POST /session HTTP/1.1" 200 704
2019-04-18 15:04:30 [selenium.webdriver.remote.remote_connection] DEBUG: Finished Request
2019-04-18 15:04:30 [scrapy.extensions.telnet] INFO: Telnet console listening on 127.0.0.1:6023
2019-04-18 15:04:30 [scrapy.core.engine] DEBUG: Crawled (200) <GET http://quotes.toscrape.com/js/> (referer: None)
2019-04-18 15:04:31 [scrapy.core.engine] DEBUG: Crawled (200) <GET http://quotes.toscrape.com/js/page/2/> (referer: http://quotes.toscrape.com/js/)
2019-04-18 15:04:31 [scrapy.core.engine] DEBUG: Crawled (200) <GET http://quotes.toscrape.com/js/page/3/> (referer: http://quotes.toscrape.com/js/page/2/)
2019-04-18 15:04:32 [scrapy.core.engine] DEBUG: Crawled (200) <GET http://quotes.toscrape.com/js/page/4/> (referer: http://quotes.toscrape.com/js/page/3/)
2019-04-18 15:04:32 [scrapy.core.engine] DEBUG: Crawled (200) <GET http://quotes.toscrape.com/js/page/5/> (referer: http://quotes.toscrape.com/js/page/4/)
2019-04-18 15:04:33 [scrapy.core.engine] DEBUG: Crawled (200) <GET http://quotes.toscrape.com/js/page/6/> (referer: http://quotes.toscrape.com/js/page/5/)
2019-04-18 15:04:33 [scrapy.core.engine] DEBUG: Crawled (200) <GET http://quotes.toscrape.com/js/page/7/> (referer: http://quotes.toscrape.com/js/page/6/)
2019-04-18 15:04:33 [scrapy.core.engine] DEBUG: Crawled (200) <GET http://quotes.toscrape.com/js/page/8/> (referer: http://quotes.toscrape.com/js/page/7/)
2019-04-18 15:04:34 [scrapy.core.engine] DEBUG: Crawled (200) <GET http://quotes.toscrape.com/js/page/9/> (referer: http://quotes.toscrape.com/js/page/8/)
2019-04-18 15:04:34 [scrapy.core.engine] DEBUG: Crawled (200) <GET http://quotes.toscrape.com/js/page/10/> (referer: http://quotes.toscrape.com/js/page/9/)
2019-04-18 15:04:34 [scrapy.core.engine] INFO: Closing spider (finished)
2019-04-18 15:04:34 [selenium.webdriver.remote.remote_connection] DEBUG: DELETE http://127.0.0.1:11863/session/5e614f7f-f9e8-43bf-939a-5e6d774ddd51/window {}
2019-04-18 15:04:36 [urllib3.connectionpool] DEBUG: http://127.0.0.1:11863 "DELETE /session/5e614f7f-f9e8-43bf-939a-5e6d774ddd51/window HTTP/1.1" 200 12
2019-04-18 15:04:36 [selenium.webdriver.remote.remote_connection] DEBUG: Finished Request
2019-04-18 15:04:36 [scrapy.statscollectors] INFO: Dumping Scrapy stats:
{'downloader/request_bytes': 3139,
 'downloader/request_count': 10,
 'downloader/request_method_count/GET': 10,
 'downloader/response_bytes': 22285,
 'downloader/response_count': 10,
 'downloader/response_status_count/200': 10,
 'finish_reason': 'finished',
 'finish_time': datetime.datetime(2019, 4, 18, 6, 4, 34, 932240),
 'log_count/DEBUG': 17,
 'log_count/INFO': 9,
 'request_depth_max': 9,
 'response_received_count': 10,
 'scheduler/dequeued': 10,
 'scheduler/dequeued/memory': 10,
 'scheduler/enqueued': 10,
 'scheduler/enqueued/memory': 10,
 'start_time': datetime.datetime(2019, 4, 18, 6, 4, 23, 104854)}
2019-04-18 15:04:36 [scrapy.core.engine] INFO: Spider closed (finished)
